<?xml version="1.0" encoding="UTF-8"?>
<testsuite xmlns:xsi="http://www.w3.org/2001/XMLSchema-instance" xsi:noNamespaceSchemaLocation="https://maven.apache.org/surefire/maven-surefire-plugin/xsd/surefire-test-report.xsd" version="3.0.2" name="com.example.msamemberapi.application.service.impl.MemberServiceImplTest" time="0.2" tests="15" errors="1" skipped="0" failures="0">
  <properties>
[...]
</properties>
  <testcase name="validateMatchingLoginIdAndEmail_success" classname="com.example.msamemberapi.application.service.impl.MemberServiceImplTest" time="0.156"/>
  <testcase name="getMemberAccountByEmail_success" classname="com.example.msamemberapi.application.service.impl.MemberServiceImplTest" time="0.003"/>
  <testcase name="join_duplicatePhone_throwsException" classname="com.example.msamemberapi.application.service.impl.MemberServiceImplTest" time="0.003"/>
  <testcase name="updateLastLoggedInAt_userNotFound_throwsException" classname="com.example.msamemberapi.application.service.impl.MemberServiceImplTest" time="0.002"/>
  <testcase name="join_success" classname="com.example.msamemberapi.application.service.impl.MemberServiceImplTest" time="0.009"/>
  <testcase name="updateMemberPassword_success" classname="com.example.msamemberapi.application.service.impl.MemberServiceImplTest" time="0.001"/>
  <testcase name="join_duplicateEmail_throwsException" classname="com.example.msamemberapi.application.service.impl.MemberServiceImplTest" time="0.002"/>
  <testcase name="validateMatchingLoginIdAndEmail_mismatch_throwsException" classname="com.example.msamemberapi.application.service.impl.MemberServiceImplTest" time="0.002"/>
  <testcase name="getMemberAccountByEmail_notFound_throwsException" classname="com.example.msamemberapi.application.service.impl.MemberServiceImplTest" time="0.001"/>
  <testcase name="updateMemberPassword_emailNotFound_throwsException" classname="com.example.msamemberapi.application.service.impl.MemberServiceImplTest" time="0.001"/>
  <testcase name="join_duplicateLoginId_throwsException" classname="com.example.msamemberapi.application.service.impl.MemberServiceImplTest" time="0.001"/>
  <testcase name="deleteByMemberId_success" classname="com.example.msamemberapi.application.service.impl.MemberServiceImplTest" time="0.007">
    <error type="com.example.msamemberapi.application.error.CustomException"><![CDATA[com.example.msamemberapi.application.error.CustomException
	at com.example.msamemberapi.application.service.impl.MemberServiceImpl.quitMember(MemberServiceImpl.java:242)
	at com.example.msamemberapi.application.service.impl.MemberServiceImplTest.deleteByMemberId_success(MemberServiceImplTest.java:155)
	at java.base/java.lang.reflect.Method.invoke(Method.java:580)
	at java.base/java.util.ArrayList.forEach(ArrayList.java:1596)
	at java.base/java.util.ArrayList.forEach(ArrayList.java:1596)
]]></error>
  </testcase>
  <testcase name="findByMemberId_success" classname="com.example.msamemberapi.application.service.impl.MemberServiceImplTest" time="0.001"/>
  <testcase name="updateLastLoggedInAt_success" classname="com.example.msamemberapi.application.service.impl.MemberServiceImplTest" time="0.001"/>
  <testcase name="findByMemberId_notFound_throwsException" classname="com.example.msamemberapi.application.service.impl.MemberServiceImplTest" time="0.001"/>
</testsuite>