<?xml version="1.0" encoding="UTF-8"?>
<testsuite xmlns:xsi="http://www.w3.org/2001/XMLSchema-instance" xsi:noNamespaceSchemaLocation="https://maven.apache.org/surefire/maven-surefire-plugin/xsd/surefire-test-report.xsd" version="3.0.2" name="com.example.msamemberapi.MsaMemberApiApplicationTests" time="8.717" tests="1" errors="0" skipped="0" failures="0">
  <properties>
[...]
</properties>
  <testcase name="contextLoads" classname="com.example.msamemberapi.MsaMemberApiApplicationTests" time="0.316">
    <system-out><![CDATA[00:10:10.865 [main] INFO org.springframework.test.context.support.AnnotationConfigContextLoaderUtils -- Could not detect default configuration classes for test class [com.example.msamemberapi.MsaMemberApiApplicationTests]: MsaMemberApiApplicationTests does not declare any static, non-private, non-final, nested classes annotated with @Configuration.
00:10:10.949 [main] INFO org.springframework.boot.test.context.SpringBootTestContextBootstrapper -- Found @SpringBootConfiguration com.example.msamemberapi.MsaMemberApiApplication for test class com.example.msamemberapi.MsaMemberApiApplicationTests

  .   ____          _            __ _ _
 /\\ / ___'_ __ _ _(_)_ __  __ _ \ \ \ \
( ( )\___ | '_ | '_| | '_ \/ _` | \ \ \ \
 \\/  ___)| |_)| | | | | || (_| |  ) ) ) )
  '  |____| .__|_| |_|_| |_\__, | / / / /
 =========|_|==============|___/=/_/_/_/

 :: Spring Boot ::                (v3.4.0)

2025-01-23 00:10:11 [background-preinit] INFO  o.h.validator.internal.util.Version - HV000001: Hibernate Validator 8.0.1.Final
2025-01-23 00:10:11 [main] WARN  o.s.b.t.j.DuplicateJsonObjectContextCustomizerFactory$DuplicateJsonObjectContextCustomizer - 

Found multiple occurrences of org.json.JSONObject on the class path:

	jar:file:/Users/choeeunhwa/.m2/repository/com/vaadin/external/google/android-json/0.0.20131108.vaadin1/android-json-0.0.20131108.vaadin1.jar!/org/json/JSONObject.class
	jar:file:/Users/choeeunhwa/.m2/repository/org/json/json/20230227/json-20230227.jar!/org/json/JSONObject.class

You may wish to exclude one of them to ensure predictable runtime behavior

2025-01-23 00:10:11 [main] INFO  c.e.m.MsaMemberApiApplicationTests - Starting MsaMemberApiApplicationTests using Java 21.0.4 with PID 85708 (started by choeeunhwa in /Users/choeeunhwa/Desktop/member-api5)
2025-01-23 00:10:11 [main] INFO  c.e.m.MsaMemberApiApplicationTests - The following 1 profile is active: "dev"
2025-01-23 00:10:11 [main] DEBUG o.s.w.c.s.GenericWebApplicationContext - Refreshing org.springframework.web.context.support.GenericWebApplicationContext@47be41c6
2025-01-23 00:10:12 [main] INFO  o.s.d.r.c.RepositoryConfigurationDelegate - Multiple Spring Data modules found, entering strict repository configuration mode
2025-01-23 00:10:12 [main] INFO  o.s.d.r.c.RepositoryConfigurationDelegate - Bootstrapping Spring Data JPA repositories in DEFAULT mode.
2025-01-23 00:10:12 [main] INFO  o.s.d.r.c.RepositoryConfigurationDelegate - Finished Spring Data repository scanning in 94 ms. Found 5 JPA repository interfaces.
2025-01-23 00:10:12 [main] INFO  o.s.d.r.c.RepositoryConfigurationDelegate - Multiple Spring Data modules found, entering strict repository configuration mode
2025-01-23 00:10:12 [main] INFO  o.s.d.r.c.RepositoryConfigurationDelegate - Bootstrapping Spring Data Redis repositories in DEFAULT mode.
2025-01-23 00:10:12 [main] INFO  o.s.d.r.c.RepositoryConfigurationExtensionSupport - Spring Data Redis - Could not safely identify store assignment for repository candidate interface com.example.msamemberapi.application.repository.AddressRepository; If you want this repository to be a Redis repository, consider annotating your entities with one of these annotations: org.springframework.data.redis.core.RedisHash (preferred), or consider extending one of the following types with your repository: org.springframework.data.keyvalue.repository.KeyValueRepository
2025-01-23 00:10:12 [main] INFO  o.s.d.r.c.RepositoryConfigurationExtensionSupport - Spring Data Redis - Could not safely identify store assignment for repository candidate interface com.example.msamemberapi.application.repository.GradePolicyRepository; If you want this repository to be a Redis repository, consider annotating your entities with one of these annotations: org.springframework.data.redis.core.RedisHash (preferred), or consider extending one of the following types with your repository: org.springframework.data.keyvalue.repository.KeyValueRepository
2025-01-23 00:10:12 [main] INFO  o.s.d.r.c.RepositoryConfigurationExtensionSupport - Spring Data Redis - Could not safely identify store assignment for repository candidate interface com.example.msamemberapi.application.repository.MemberAddressRepository; If you want this repository to be a Redis repository, consider annotating your entities with one of these annotations: org.springframework.data.redis.core.RedisHash (preferred), or consider extending one of the following types with your repository: org.springframework.data.keyvalue.repository.KeyValueRepository
2025-01-23 00:10:12 [main] INFO  o.s.d.r.c.RepositoryConfigurationExtensionSupport - Spring Data Redis - Could not safely identify store assignment for repository candidate interface com.example.msamemberapi.application.repository.MemberGradeHistoryRepository; If you want this repository to be a Redis repository, consider annotating your entities with one of these annotations: org.springframework.data.redis.core.RedisHash (preferred), or consider extending one of the following types with your repository: org.springframework.data.keyvalue.repository.KeyValueRepository
2025-01-23 00:10:12 [main] INFO  o.s.d.r.c.RepositoryConfigurationExtensionSupport - Spring Data Redis - Could not safely identify store assignment for repository candidate interface com.example.msamemberapi.application.repository.MemberRepository; If you want this repository to be a Redis repository, consider annotating your entities with one of these annotations: org.springframework.data.redis.core.RedisHash (preferred), or consider extending one of the following types with your repository: org.springframework.data.keyvalue.repository.KeyValueRepository
2025-01-23 00:10:12 [main] INFO  o.s.d.r.c.RepositoryConfigurationDelegate - Finished Spring Data repository scanning in 5 ms. Found 0 Redis repository interfaces.
2025-01-23 00:10:12 [main] INFO  o.s.cloud.context.scope.GenericScope - BeanFactory id=952bb903-c1c4-3641-bc3c-7f64e268ba09
2025-01-23 00:10:13 [main] WARN  o.s.c.s.PostProcessorRegistrationDelegate$BeanPostProcessorChecker - Bean 'secureKeyManagerService' of type [com.example.msamemberapi.application.service.skm.SecureKeyManagerService] is not eligible for getting processed by all BeanPostProcessors (for example: not eligible for auto-proxying). Is this bean getting eagerly injected/applied to a currently created BeanPostProcessor [secureKeyAnnotationProcessor]? Check the corresponding BeanPostProcessor declaration and its dependencies/advisors. If this bean does not have to be post-processed, declare it with ROLE_INFRASTRUCTURE.
2025-01-23 00:10:13 [main] INFO  o.h.jpa.internal.util.LogHelper - HHH000204: Processing PersistenceUnitInfo [name: default]
2025-01-23 00:10:13 [main] INFO  org.hibernate.Version - HHH000412: Hibernate ORM core version 6.6.2.Final
2025-01-23 00:10:13 [main] INFO  o.h.c.i.RegionFactoryInitiator - HHH000026: Second-level cache disabled
2025-01-23 00:10:13 [main] INFO  o.s.o.j.p.SpringPersistenceUnitInfo - No LoadTimeWeaver setup: ignoring JPA class transformer
2025-01-23 00:10:13 [main] WARN  org.hibernate.orm.deprecation - HHH90000025: MySQL8Dialect does not need to be specified explicitly using 'hibernate.dialect' (remove the property setting and it will be selected by default)
2025-01-23 00:10:13 [main] WARN  org.hibernate.orm.deprecation - HHH90000026: MySQL8Dialect has been deprecated; use org.hibernate.dialect.MySQLDialect instead
2025-01-23 00:10:13 [main] INFO  o.hibernate.orm.connections.pooling - HHH10001005: Database info:
	Database JDBC URL [Connecting through datasource 'org.apache.commons.dbcp2.BasicDataSource@7c9be48a']
	Database driver: undefined/unknown
	Database version: 8.0
	Autocommit mode: undefined/unknown
	Isolation level: undefined/unknown
	Minimum pool size: undefined/unknown
	Maximum pool size: undefined/unknown
2025-01-23 00:10:14 [main] INFO  o.h.e.t.j.p.i.JtaPlatformInitiator - HHH000489: No JTA platform available (set 'hibernate.transaction.jta.platform' to enable JTA platform integration)
Hibernate: 
    alter table address 
       drop 
       foreign key FKcnw0s8hudme00qu71e3mqd5ih
Hibernate: 
    alter table member 
       drop 
       foreign key FKrmk732htwsps6osaji3rjvco8
Hibernate: 
    alter table member 
       drop 
       foreign key FKswb523yn1xw3806ojrfpcyadl
Hibernate: 
    alter table member_roles 
       drop 
       foreign key FKet63dfllh4o5qa9qwm7f5kx9x
Hibernate: 
    alter table member_address 
       drop 
       foreign key FKc1mlhav8xpi04w64t263v8qvf
Hibernate: 
    alter table member_address 
       drop 
       foreign key FKeslc8586cwl3ej73mv7gr83x2
Hibernate: 
    alter table member_grade_history 
       drop 
       foreign key FKk9egma51fhx07r9ty7syqd9vt
Hibernate: 
    alter table member_grade_history 
       drop 
       foreign key FKg2b3s3qo96dof3civo90swnx6
Hibernate: 
    drop table if exists address
Hibernate: 
    drop table if exists grade
Hibernate: 
    drop table if exists member
Hibernate: 
    drop table if exists member_roles
Hibernate: 
    drop table if exists member_account
Hibernate: 
    drop table if exists member_address
Hibernate: 
    drop table if exists member_grade_history
Hibernate: 
    drop table if exists user
Hibernate: 
    create table address (
        is_default bit not null,
        created_at datetime(6),
        id bigint not null auto_increment,
        member_id bigint not null,
        updated_at datetime(6),
        alias varchar(255) not null,
        detail_address varchar(255) not null,
        postcode varchar(255),
        road_address varchar(255) not null,
        primary key (id)
    ) engine=InnoDB
Hibernate: 
    create table grade (
        max integer not null,
        min integer not null,
        rate decimal(38,2),
        id bigint not null auto_increment,
        description varchar(255) not null,
        name varchar(255),
        grade enum ('GOLD','PLATINUM','REGULAR','ROYAL') not null,
        primary key (id)
    ) engine=InnoDB
Hibernate: 
    create table member (
        birth datetime(6),
        id bigint not null auto_increment,
        user_id bigint,
        address varchar(255),
        detail_address varchar(255),
        email varchar(255) not null,
        member_account_id varchar(255),
        name varchar(255),
        password varchar(255),
        phone varchar(255),
        postcode varchar(255),
        gender enum ('FEMALE','MALE'),
        member_grade enum ('GOLD','PLATINUM','REGULAR','ROYAL'),
        primary key (id)
    ) engine=InnoDB
Hibernate: 
    create table member_roles (
        member_id bigint not null,
        roles varchar(255)
    ) engine=InnoDB
Hibernate: 
    create table member_account (
        last_logged_in_at datetime(6),
        id varchar(255) not null,
        password varchar(255),
        account_type enum ('ADMIN','PAYCO','REGISTERED'),
        primary key (id)
    ) engine=InnoDB
Hibernate: 
    create table member_address (
        is_default bit not null,
        address_id bigint not null,
        id bigint not null auto_increment,
        member_id bigint not null,
        alias varchar(50) not null,
        primary key (id)
    ) engine=InnoDB
Hibernate: 
    create table member_grade_history (
        created_at date not null,
        grade_policy_id bigint not null,
        id bigint not null auto_increment,
        member_id bigint not null,
        primary key (id)
    ) engine=InnoDB
Hibernate: 
    create table user (
        membership tinyint,
        points integer not null,
        id bigint not null auto_increment,
        name varchar(255),
        phone_number varchar(255),
        primary key (id)
    ) engine=InnoDB
Hibernate: 
    alter table member 
       add constraint UKa9bw6sk85ykh4bacjpu0ju5f6 unique (user_id)
Hibernate: 
    alter table member 
       add constraint UKmbmcqelty0fbrvxp1q58dn57t unique (email)
Hibernate: 
    alter table member 
       add constraint UKnysin06axtrwid8h0adf1iyog unique (member_account_id)
Hibernate: 
    alter table user 
       add constraint UK4bgmpi98dylab6qdvf9xyaxu4 unique (phone_number)
Hibernate: 
    alter table address 
       add constraint FKcnw0s8hudme00qu71e3mqd5ih 
       foreign key (member_id) 
       references member (id)
Hibernate: 
    alter table member 
       add constraint FKrmk732htwsps6osaji3rjvco8 
       foreign key (member_account_id) 
       references member_account (id)
Hibernate: 
    alter table member 
       add constraint FKswb523yn1xw3806ojrfpcyadl 
       foreign key (user_id) 
       references user (id)
Hibernate: 
    alter table member_roles 
       add constraint FKet63dfllh4o5qa9qwm7f5kx9x 
       foreign key (member_id) 
       references member (id)
Hibernate: 
    alter table member_address 
       add constraint FKc1mlhav8xpi04w64t263v8qvf 
       foreign key (address_id) 
       references address (id)
Hibernate: 
    alter table member_address 
       add constraint FKeslc8586cwl3ej73mv7gr83x2 
       foreign key (member_id) 
       references member (id)
Hibernate: 
    alter table member_grade_history 
       add constraint FKk9egma51fhx07r9ty7syqd9vt 
       foreign key (grade_policy_id) 
       references grade (id)
Hibernate: 
    alter table member_grade_history 
       add constraint FKg2b3s3qo96dof3civo90swnx6 
       foreign key (member_id) 
       references member (id)
2025-01-23 00:10:14 [main] INFO  o.s.o.j.LocalContainerEntityManagerFactoryBean - Initialized JPA EntityManagerFactory for persistence unit 'default'
2025-01-23 00:10:14 [main] INFO  o.s.d.j.r.query.QueryEnhancerFactory - Hibernate is in classpath; If applicable, HQL parser will be used.
2025-01-23 00:10:15 [main] INFO  c.e.m.common.web.WebClientConfig - Kakao API Key is successfully loaded.
2025-01-23 00:10:15 [main] DEBUG o.s.web.client.RestTemplate - HTTP GET https://api-keymanager.nhncloudservice.com/keymanager/v1.0/appkey/qTQNj7LyHhdAazH3/secrets/452fd78c768c4bffa03d8486b1dcf5be
2025-01-23 00:10:15 [main] DEBUG o.s.web.client.RestTemplate - Accept=[application/json, application/yaml, application/*+json]
2025-01-23 00:10:15 [main] DEBUG o.s.web.client.RestTemplate - Response 200 OK
2025-01-23 00:10:15 [main] DEBUG o.s.web.client.RestTemplate - Reading to [com.example.msamemberapi.application.dto.response.KeyResponseDto]
2025-01-23 00:10:15 [main] INFO  o.s.c.o.FeignClientFactoryBean - For 'order-api' URL not provided. Will try picking an instance via load-balancing.
2025-01-23 00:10:15 [main] INFO  o.s.c.o.FeignClientFactoryBean - For 'book-coupon-api' URL not provided. Will try picking an instance via load-balancing.
2025-01-23 00:10:15 [main] ERROR i.n.r.d.DnsServerAddressStreamProviders - Unable to load io.netty.resolver.dns.macos.MacOSDnsServerAddressStreamProvider, fallback to system defaults. This may result in incorrect DNS resolutions on MacOS. Check whether you have a dependency on 'io.netty:netty-resolver-dns-native-macos'. Use DEBUG level to see the full stack: java.lang.UnsatisfiedLinkError: failed to load the required native library
2025-01-23 00:10:16 [main] DEBUG o.s.web.client.RestTemplate - HTTP GET https://api-keymanager.nhncloudservice.com/keymanager/v1.0/appkey/qTQNj7LyHhdAazH3/secrets/105936ae31de41628611ecbd5e08476c
2025-01-23 00:10:16 [main] DEBUG o.s.web.client.RestTemplate - Accept=[application/json, application/yaml, application/*+json]
2025-01-23 00:10:16 [main] DEBUG o.s.web.client.RestTemplate - Response 200 OK
2025-01-23 00:10:16 [main] DEBUG o.s.web.client.RestTemplate - Reading to [com.example.msamemberapi.application.dto.response.KeyResponseDto]
2025-01-23 00:10:16 [main] DEBUG o.s.web.client.RestTemplate - HTTP GET https://api-keymanager.nhncloudservice.com/keymanager/v1.0/appkey/qTQNj7LyHhdAazH3/secrets/d2a9fc886fc84e208b8d5d44268f3f10
2025-01-23 00:10:16 [main] DEBUG o.s.web.client.RestTemplate - Accept=[application/json, application/yaml, application/*+json]
2025-01-23 00:10:16 [main] DEBUG o.s.web.client.RestTemplate - Response 200 OK
2025-01-23 00:10:16 [main] DEBUG o.s.web.client.RestTemplate - Reading to [com.example.msamemberapi.application.dto.response.KeyResponseDto]
2025-01-23 00:10:16 [main] INFO  c.e.m.a.s.impl.AddressServiceImpl - Kakao API Key is set.
Loaded Kakao API Key: a647f3b0334d3e5914bdff0748674f64
2025-01-23 00:10:16 [main] DEBUG o.s.w.s.m.m.a.RequestMappingHandlerMapping - 47 mappings in 'requestMappingHandlerMapping'
2025-01-23 00:10:16 [main] DEBUG o.s.w.s.h.SimpleUrlHandlerMapping - Patterns [/addresses, /members/edit] in 'viewControllerHandlerMapping'
2025-01-23 00:10:16 [main] DEBUG o.s.w.s.h.SimpleUrlHandlerMapping - Patterns [/webjars/**, /**, /swagger-ui*/*swagger-initializer.js, /swagger-ui*/**] in 'resourceHandlerMapping'
2025-01-23 00:10:16 [main] DEBUG o.s.w.s.m.m.a.RequestMappingHandlerAdapter - ControllerAdvice beans: 0 @ModelAttribute, 0 @InitBinder, 1 RequestBodyAdvice, 1 ResponseBodyAdvice
2025-01-23 00:10:16 [main] DEBUG o.s.w.s.m.m.a.ExceptionHandlerExceptionResolver - ControllerAdvice beans: 3 @ExceptionHandler, 1 ResponseBodyAdvice
2025-01-23 00:10:17 [main] INFO  o.s.c.n.e.c.DiscoveryClientOptionalArgsConfiguration - Eureka HTTP Client uses RestTemplate.
2025-01-23 00:10:17 [main] WARN  o.s.c.l.c.LoadBalancerCacheAutoConfiguration$LoadBalancerCaffeineWarnLogger - Spring Cloud LoadBalancer is currently working with the default cache. While this cache implementation is useful for development and tests, it's recommended to use Caffeine cache in production.You can switch to using Caffeine cache, by adding it and org.springframework.cache.caffeine.CaffeineCacheManager to the classpath.
2025-01-23 00:10:17 [main] INFO  o.s.b.a.e.web.EndpointLinksResolver - Exposing 2 endpoints beneath base path '/actuator'
2025-01-23 00:10:17 [main] INFO  o.s.c.n.eureka.InstanceInfoFactory - Setting initial instance status as: STARTING
2025-01-23 00:10:17 [main] INFO  c.netflix.discovery.DiscoveryClient - Initializing Eureka in region us-east-1
2025-01-23 00:10:17 [main] INFO  c.n.d.s.r.aws.ConfigClusterResolver - Resolving eureka endpoints via configuration
2025-01-23 00:10:17 [main] INFO  c.netflix.discovery.DiscoveryClient - Disable delta property : false
2025-01-23 00:10:17 [main] INFO  c.netflix.discovery.DiscoveryClient - Single vip registry refresh property : null
2025-01-23 00:10:17 [main] INFO  c.netflix.discovery.DiscoveryClient - Force full registry fetch : false
2025-01-23 00:10:17 [main] INFO  c.netflix.discovery.DiscoveryClient - Application is null : false
2025-01-23 00:10:17 [main] INFO  c.netflix.discovery.DiscoveryClient - Registered Applications size is zero : true
2025-01-23 00:10:17 [main] INFO  c.netflix.discovery.DiscoveryClient - Application version is -1: true
2025-01-23 00:10:17 [main] INFO  c.netflix.discovery.DiscoveryClient - Getting all instance registry info from the eureka server
2025-01-23 00:10:17 [main] DEBUG o.s.web.client.RestTemplate - HTTP GET http://localhost:8761/eureka/apps/
2025-01-23 00:10:17 [main] DEBUG o.s.web.client.RestTemplate - Accept=[application/json, application/yaml, application/*+json]
2025-01-23 00:10:17 [main] DEBUG o.s.web.client.RestTemplate - Response 200 OK
2025-01-23 00:10:17 [main] DEBUG o.s.web.client.RestTemplate - Reading to [org.springframework.cloud.netflix.eureka.http.EurekaApplications]
2025-01-23 00:10:17 [main] INFO  c.netflix.discovery.DiscoveryClient - The response status is 200
2025-01-23 00:10:17 [main] INFO  c.netflix.discovery.DiscoveryClient - Starting heartbeat executor: renew interval is: 30
2025-01-23 00:10:17 [main] INFO  c.n.discovery.InstanceInfoReplicator - InstanceInfoReplicator onDemand update allowed rate per min is 4
2025-01-23 00:10:17 [main] INFO  c.netflix.discovery.DiscoveryClient - Discovery Client initialized at timestamp 1737558617291 with initial instances count: 6
2025-01-23 00:10:17 [main] INFO  o.s.c.n.e.s.EurekaServiceRegistry - Registering application MEMBER-API with eureka with status UP
2025-01-23 00:10:17 [main] INFO  c.netflix.discovery.DiscoveryClient - Saw local status change event StatusChangeEvent [timestamp=1737558617295, current=UP, previous=STARTING]
2025-01-23 00:10:17 [DiscoveryClient-InstanceInfoReplicator-%d] INFO  c.netflix.discovery.DiscoveryClient - DiscoveryClient_MEMBER-API/member-api: registering service...
2025-01-23 00:10:17 [DiscoveryClient-InstanceInfoReplicator-%d] DEBUG o.s.web.client.RestTemplate - HTTP POST http://localhost:8761/eureka/apps/MEMBER-API
2025-01-23 00:10:17 [DiscoveryClient-InstanceInfoReplicator-%d] DEBUG o.s.web.client.RestTemplate - Accept=[application/json, application/yaml, application/*+json]
2025-01-23 00:10:17 [DiscoveryClient-InstanceInfoReplicator-%d] DEBUG o.s.web.client.RestTemplate - Writing [InstanceInfo [instanceId = member-api, appName = MEMBER-API, hostName = 192.168.35.248, status = UP, ipAddr = 192.168.35.248, port = 8083, securePort = 443, dataCenterInfo = com.netflix.appinfo.MyDataCenterInfo@587c3504] as "application/json"
2025-01-23 00:10:17 [main] INFO  c.e.m.MsaMemberApiApplicationTests - Started MsaMemberApiApplicationTests in 6.128 seconds (process running for 7.127)
Hibernate: 
    select
        m1_0.id 
    from
        member m1_0 
    where
        m1_0.member_account_id=? 
    limit
        ?
2025-01-23 00:10:17 [DiscoveryClient-InstanceInfoReplicator-%d] DEBUG o.s.web.client.RestTemplate - Response 204 NO_CONTENT
2025-01-23 00:10:17 [DiscoveryClient-InstanceInfoReplicator-%d] INFO  c.netflix.discovery.DiscoveryClient - DiscoveryClient_MEMBER-API/member-api - registration status: 204
Hibernate: 
    select
        m1_0.id 
    from
        member m1_0 
    where
        m1_0.member_account_id=? 
    limit
        ?
Hibernate: 
    insert 
    into
        member_account
        (account_type, last_logged_in_at, password, id) 
    values
        (?, ?, ?, ?)
Hibernate: 
    insert 
    into
        user
        (membership, name, phone_number, points) 
    values
        (?, ?, ?, ?)
Hibernate: 
    insert 
    into
        member
        (address, birth, detail_address, email, gender, member_account_id, member_grade, name, password, phone, postcode, user_id) 
    values
        (?, ?, ?, ?, ?, ?, ?, ?, ?, ?, ?, ?)
Hibernate: 
    insert 
    into
        member_account
        (account_type, last_logged_in_at, password, id) 
    values
        (?, ?, ?, ?)
Hibernate: 
    insert 
    into
        user
        (membership, name, phone_number, points) 
    values
        (?, ?, ?, ?)
Hibernate: 
    insert 
    into
        member
        (address, birth, detail_address, email, gender, member_account_id, member_grade, name, password, phone, postcode, user_id) 
    values
        (?, ?, ?, ?, ?, ?, ?, ?, ?, ?, ?, ?)
Hibernate: 
    insert 
    into
        member_account
        (account_type, last_logged_in_at, password, id) 
    values
        (?, ?, ?, ?)
Hibernate: 
    insert 
    into
        user
        (membership, name, phone_number, points) 
    values
        (?, ?, ?, ?)
Hibernate: 
    insert 
    into
        member
        (address, birth, detail_address, email, gender, member_account_id, member_grade, name, password, phone, postcode, user_id) 
    values
        (?, ?, ?, ?, ?, ?, ?, ?, ?, ?, ?, ?)
Hibernate: 
    insert 
    into
        member_account
        (account_type, last_logged_in_at, password, id) 
    values
        (?, ?, ?, ?)
Hibernate: 
    insert 
    into
        user
        (membership, name, phone_number, points) 
    values
        (?, ?, ?, ?)
Hibernate: 
    insert 
    into
        member
        (address, birth, detail_address, email, gender, member_account_id, member_grade, name, password, phone, postcode, user_id) 
    values
        (?, ?, ?, ?, ?, ?, ?, ?, ?, ?, ?, ?)
Hibernate: 
    insert 
    into
        member_account
        (account_type, last_logged_in_at, password, id) 
    values
        (?, ?, ?, ?)
Hibernate: 
    insert 
    into
        user
        (membership, name, phone_number, points) 
    values
        (?, ?, ?, ?)
Hibernate: 
    insert 
    into
        member
        (address, birth, detail_address, email, gender, member_account_id, member_grade, name, password, phone, postcode, user_id) 
    values
        (?, ?, ?, ?, ?, ?, ?, ?, ?, ?, ?, ?)
Hibernate: 
    insert 
    into
        member_account
        (account_type, last_logged_in_at, password, id) 
    values
        (?, ?, ?, ?)
Hibernate: 
    insert 
    into
        user
        (membership, name, phone_number, points) 
    values
        (?, ?, ?, ?)
Hibernate: 
    insert 
    into
        member
        (address, birth, detail_address, email, gender, member_account_id, member_grade, name, password, phone, postcode, user_id) 
    values
        (?, ?, ?, ?, ?, ?, ?, ?, ?, ?, ?, ?)
Hibernate: 
    insert 
    into
        member_account
        (account_type, last_logged_in_at, password, id) 
    values
        (?, ?, ?, ?)
Hibernate: 
    insert 
    into
        user
        (membership, name, phone_number, points) 
    values
        (?, ?, ?, ?)
Hibernate: 
    insert 
    into
        member
        (address, birth, detail_address, email, gender, member_account_id, member_grade, name, password, phone, postcode, user_id) 
    values
        (?, ?, ?, ?, ?, ?, ?, ?, ?, ?, ?, ?)
Hibernate: 
    insert 
    into
        member_account
        (account_type, last_logged_in_at, password, id) 
    values
        (?, ?, ?, ?)
Hibernate: 
    insert 
    into
        user
        (membership, name, phone_number, points) 
    values
        (?, ?, ?, ?)
Hibernate: 
    insert 
    into
        member
        (address, birth, detail_address, email, gender, member_account_id, member_grade, name, password, phone, postcode, user_id) 
    values
        (?, ?, ?, ?, ?, ?, ?, ?, ?, ?, ?, ?)
Hibernate: 
    insert 
    into
        member_account
        (account_type, last_logged_in_at, password, id) 
    values
        (?, ?, ?, ?)
Hibernate: 
    insert 
    into
        user
        (membership, name, phone_number, points) 
    values
        (?, ?, ?, ?)
Hibernate: 
    insert 
    into
        member
        (address, birth, detail_address, email, gender, member_account_id, member_grade, name, password, phone, postcode, user_id) 
    values
        (?, ?, ?, ?, ?, ?, ?, ?, ?, ?, ?, ?)
Hibernate: 
    insert 
    into
        member_account
        (account_type, last_logged_in_at, password, id) 
    values
        (?, ?, ?, ?)
Hibernate: 
    insert 
    into
        user
        (membership, name, phone_number, points) 
    values
        (?, ?, ?, ?)
Hibernate: 
    insert 
    into
        member
        (address, birth, detail_address, email, gender, member_account_id, member_grade, name, password, phone, postcode, user_id) 
    values
        (?, ?, ?, ?, ?, ?, ?, ?, ?, ?, ?, ?)
Hibernate: 
    insert 
    into
        member_account
        (account_type, last_logged_in_at, password, id) 
    values
        (?, ?, ?, ?)
Hibernate: 
    insert 
    into
        user
        (membership, name, phone_number, points) 
    values
        (?, ?, ?, ?)
Hibernate: 
    insert 
    into
        member
        (address, birth, detail_address, email, gender, member_account_id, member_grade, name, password, phone, postcode, user_id) 
    values
        (?, ?, ?, ?, ?, ?, ?, ?, ?, ?, ?, ?)
Hibernate: 
    insert 
    into
        member_account
        (account_type, last_logged_in_at, password, id) 
    values
        (?, ?, ?, ?)
Hibernate: 
    insert 
    into
        user
        (membership, name, phone_number, points) 
    values
        (?, ?, ?, ?)
Hibernate: 
    insert 
    into
        member
        (address, birth, detail_address, email, gender, member_account_id, member_grade, name, password, phone, postcode, user_id) 
    values
        (?, ?, ?, ?, ?, ?, ?, ?, ?, ?, ?, ?)
Hibernate: 
    insert 
    into
        member_account
        (account_type, last_logged_in_at, password, id) 
    values
        (?, ?, ?, ?)
Hibernate: 
    insert 
    into
        user
        (membership, name, phone_number, points) 
    values
        (?, ?, ?, ?)
Hibernate: 
    insert 
    into
        member
        (address, birth, detail_address, email, gender, member_account_id, member_grade, name, password, phone, postcode, user_id) 
    values
        (?, ?, ?, ?, ?, ?, ?, ?, ?, ?, ?, ?)
Hibernate: 
    insert 
    into
        member_account
        (account_type, last_logged_in_at, password, id) 
    values
        (?, ?, ?, ?)
Hibernate: 
    insert 
    into
        user
        (membership, name, phone_number, points) 
    values
        (?, ?, ?, ?)
Hibernate: 
    insert 
    into
        member
        (address, birth, detail_address, email, gender, member_account_id, member_grade, name, password, phone, postcode, user_id) 
    values
        (?, ?, ?, ?, ?, ?, ?, ?, ?, ?, ?, ?)
Hibernate: 
    insert 
    into
        member_account
        (account_type, last_logged_in_at, password, id) 
    values
        (?, ?, ?, ?)
Hibernate: 
    insert 
    into
        user
        (membership, name, phone_number, points) 
    values
        (?, ?, ?, ?)
Hibernate: 
    insert 
    into
        member
        (address, birth, detail_address, email, gender, member_account_id, member_grade, name, password, phone, postcode, user_id) 
    values
        (?, ?, ?, ?, ?, ?, ?, ?, ?, ?, ?, ?)
Hibernate: 
    insert 
    into
        member_account
        (account_type, last_logged_in_at, password, id) 
    values
        (?, ?, ?, ?)
Hibernate: 
    insert 
    into
        user
        (membership, name, phone_number, points) 
    values
        (?, ?, ?, ?)
Hibernate: 
    insert 
    into
        member
        (address, birth, detail_address, email, gender, member_account_id, member_grade, name, password, phone, postcode, user_id) 
    values
        (?, ?, ?, ?, ?, ?, ?, ?, ?, ?, ?, ?)
Hibernate: 
    insert 
    into
        member_account
        (account_type, last_logged_in_at, password, id) 
    values
        (?, ?, ?, ?)
Hibernate: 
    insert 
    into
        user
        (membership, name, phone_number, points) 
    values
        (?, ?, ?, ?)
Hibernate: 
    insert 
    into
        member
        (address, birth, detail_address, email, gender, member_account_id, member_grade, name, password, phone, postcode, user_id) 
    values
        (?, ?, ?, ?, ?, ?, ?, ?, ?, ?, ?, ?)
Hibernate: 
    insert 
    into
        member_account
        (account_type, last_logged_in_at, password, id) 
    values
        (?, ?, ?, ?)
Hibernate: 
    insert 
    into
        user
        (membership, name, phone_number, points) 
    values
        (?, ?, ?, ?)
Hibernate: 
    insert 
    into
        member
        (address, birth, detail_address, email, gender, member_account_id, member_grade, name, password, phone, postcode, user_id) 
    values
        (?, ?, ?, ?, ?, ?, ?, ?, ?, ?, ?, ?)
Hibernate: 
    insert 
    into
        member_account
        (account_type, last_logged_in_at, password, id) 
    values
        (?, ?, ?, ?)
Hibernate: 
    insert 
    into
        user
        (membership, name, phone_number, points) 
    values
        (?, ?, ?, ?)
Hibernate: 
    insert 
    into
        member
        (address, birth, detail_address, email, gender, member_account_id, member_grade, name, password, phone, postcode, user_id) 
    values
        (?, ?, ?, ?, ?, ?, ?, ?, ?, ?, ?, ?)
Hibernate: 
    insert 
    into
        member_account
        (account_type, last_logged_in_at, password, id) 
    values
        (?, ?, ?, ?)
Hibernate: 
    insert 
    into
        user
        (membership, name, phone_number, points) 
    values
        (?, ?, ?, ?)
Hibernate: 
    insert 
    into
        member
        (address, birth, detail_address, email, gender, member_account_id, member_grade, name, password, phone, postcode, user_id) 
    values
        (?, ?, ?, ?, ?, ?, ?, ?, ?, ?, ?, ?)
Hibernate: 
    insert 
    into
        member_account
        (account_type, last_logged_in_at, password, id) 
    values
        (?, ?, ?, ?)
Hibernate: 
    insert 
    into
        user
        (membership, name, phone_number, points) 
    values
        (?, ?, ?, ?)
Hibernate: 
    insert 
    into
        member
        (address, birth, detail_address, email, gender, member_account_id, member_grade, name, password, phone, postcode, user_id) 
    values
        (?, ?, ?, ?, ?, ?, ?, ?, ?, ?, ?, ?)
Hibernate: 
    insert 
    into
        member_account
        (account_type, last_logged_in_at, password, id) 
    values
        (?, ?, ?, ?)
Hibernate: 
    insert 
    into
        user
        (membership, name, phone_number, points) 
    values
        (?, ?, ?, ?)
Hibernate: 
    insert 
    into
        member
        (address, birth, detail_address, email, gender, member_account_id, member_grade, name, password, phone, postcode, user_id) 
    values
        (?, ?, ?, ?, ?, ?, ?, ?, ?, ?, ?, ?)
Hibernate: 
    insert 
    into
        member_roles
        (member_id, roles) 
    values
        (?, ?)
Hibernate: 
    insert 
    into
        member_roles
        (member_id, roles) 
    values
        (?, ?)
Hibernate: 
    insert 
    into
        member_roles
        (member_id, roles) 
    values
        (?, ?)
Hibernate: 
    insert 
    into
        member_roles
        (member_id, roles) 
    values
        (?, ?)
Hibernate: 
    insert 
    into
        member_roles
        (member_id, roles) 
    values
        (?, ?)
Hibernate: 
    insert 
    into
        member_roles
        (member_id, roles) 
    values
        (?, ?)
Hibernate: 
    insert 
    into
        member_roles
        (member_id, roles) 
    values
        (?, ?)
Hibernate: 
    insert 
    into
        member_roles
        (member_id, roles) 
    values
        (?, ?)
Hibernate: 
    insert 
    into
        member_roles
        (member_id, roles) 
    values
        (?, ?)
Hibernate: 
    insert 
    into
        member_roles
        (member_id, roles) 
    values
        (?, ?)
Hibernate: 
    insert 
    into
        member_roles
        (member_id, roles) 
    values
        (?, ?)
Hibernate: 
    insert 
    into
        member_roles
        (member_id, roles) 
    values
        (?, ?)
Hibernate: 
    insert 
    into
        member_roles
        (member_id, roles) 
    values
        (?, ?)
Hibernate: 
    insert 
    into
        member_roles
        (member_id, roles) 
    values
        (?, ?)
Hibernate: 
    insert 
    into
        member_roles
        (member_id, roles) 
    values
        (?, ?)
Hibernate: 
    insert 
    into
        member_roles
        (member_id, roles) 
    values
        (?, ?)
Hibernate: 
    insert 
    into
        member_roles
        (member_id, roles) 
    values
        (?, ?)
Hibernate: 
    insert 
    into
        member_roles
        (member_id, roles) 
    values
        (?, ?)
Hibernate: 
    insert 
    into
        member_roles
        (member_id, roles) 
    values
        (?, ?)
Hibernate: 
    insert 
    into
        member_roles
        (member_id, roles) 
    values
        (?, ?)
Hibernate: 
    insert 
    into
        member_roles
        (member_id, roles) 
    values
        (?, ?)
Hibernate: 
    insert 
    into
        member_roles
        (member_id, roles) 
    values
        (?, ?)
Hibernate: 
    select
        m1_0.id 
    from
        member m1_0 
    where
        m1_0.member_account_id=? 
    limit
        ?
Hibernate: 
    insert 
    into
        member_account
        (account_type, last_logged_in_at, password, id) 
    values
        (?, ?, ?, ?)
Hibernate: 
    insert 
    into
        user
        (membership, name, phone_number, points) 
    values
        (?, ?, ?, ?)
Hibernate: 
    insert 
    into
        member
        (address, birth, detail_address, email, gender, member_account_id, member_grade, name, password, phone, postcode, user_id) 
    values
        (?, ?, ?, ?, ?, ?, ?, ?, ?, ?, ?, ?)
Hibernate: 
    insert 
    into
        member_roles
        (member_id, roles) 
    values
        (?, ?)
]]></system-out>
    <system-err><![CDATA[Mockito is currently self-attaching to enable the inline-mock-maker. This will no longer work in future releases of the JDK. Please add Mockito as an agent to your build what is described in Mockito's documentation: https://javadoc.io/doc/org.mockito/mockito-core/latest/org/mockito/Mockito.html#0.3
WARNING: A Java agent has been loaded dynamically (/Users/choeeunhwa/.m2/repository/net/bytebuddy/byte-buddy-agent/1.15.10/byte-buddy-agent-1.15.10.jar)
WARNING: If a serviceability tool is in use, please run with -XX:+EnableDynamicAgentLoading to hide this warning
WARNING: If a serviceability tool is not in use, please run with -Djdk.instrument.traceUsage for more information
WARNING: Dynamic loading of agents will be disallowed by default in a future release
]]></system-err>
  </testcase>
</testsuite>